app/build/intermediates/manifest_merge_blame_file/debug/manifest-merger-blame-debug-report.txt
1<?xml version="1.0" encoding="utf-8"?>
2<manifest xmlns:android="http://schemas.android.com/apk/res/android"
3    package="com.example.android.android_me"
4    android:versionCode="1"
5    android:versionName="1.0" >
6
7    <uses-sdk
8        android:minSdkVersion="15"
8-->src\main\AndroidManifest.xml
9        android:targetSdkVersion="27" />
9-->src\main\AndroidManifest.xml
10
11    <application
11-->src\main\AndroidManifest.xml:5:5-23:19
12        android:allowBackup="true"
12-->src\main\AndroidManifest.xml:6:9-35
13        android:debuggable="true"
14        android:icon="@mipmap/ic_launcher"
14-->src\main\AndroidManifest.xml:7:9-43
15        android:label="@string/app_name"
15-->src\main\AndroidManifest.xml:8:9-41
16        android:supportsRtl="true"
16-->src\main\AndroidManifest.xml:9:9-35
17        android:testOnly="true"
18        android:theme="@style/AppTheme" >
18-->src\main\AndroidManifest.xml:10:9-40
19
20        <!-- Declare the MainActivity in the manifest and set it to launch upon opening this app -->
21        <activity android:name="com.example.android.android_me.ui.MainActivity" >
21-->src\main\AndroidManifest.xml:13:9-19:20
21-->src\main\AndroidManifest.xml:13:19-50
22            <intent-filter>
22-->src\main\AndroidManifest.xml:14:13-18:29
23                <action android:name="android.intent.action.MAIN" />
23-->src\main\AndroidManifest.xml:15:17-69
23-->src\main\AndroidManifest.xml:15:25-66
24
25                <category android:name="android.intent.category.LAUNCHER" />
25-->src\main\AndroidManifest.xml:17:17-77
25-->src\main\AndroidManifest.xml:17:27-74
26            </intent-filter>
27        </activity>
28        <activity android:name="com.example.android.android_me.ui.AndroidMeActivity" />
28-->src\main\AndroidManifest.xml:21:9-58
28-->src\main\AndroidManifest.xml:21:19-55
29
30        <provider
30-->[android.arch.lifecycle:extensions:1.1.1] AndroidManifest.xml:23:9-27:43
31            android:name="android.arch.lifecycle.ProcessLifecycleOwnerInitializer"
31-->[android.arch.lifecycle:extensions:1.1.1] AndroidManifest.xml:24:13-83
32            android:authorities="com.example.android.android_me.lifecycle-trojan"
32-->[android.arch.lifecycle:extensions:1.1.1] AndroidManifest.xml:25:13-68
33            android:exported="false"
33-->[android.arch.lifecycle:extensions:1.1.1] AndroidManifest.xml:26:13-37
34            android:multiprocess="true" />
34-->[android.arch.lifecycle:extensions:1.1.1] AndroidManifest.xml:27:13-40
35    </application>
36
37</manifest>